<?xml version="1.0" encoding="UTF-8"?>
<!-- Generated by org.testng.reporters.JUnitXMLReporter -->
<testsuite ignored="1" hostname="DESKTOP-5407FFG" failures="0" tests="4" name="Car Loan" time="0.043" errors="0" timestamp="2025-10-19T15:24:56 IST">
  <testcase classname="test.day3" name="APICarLoan" time="0.003"/>
  <testcase classname="test.day3" name="MobliesigninCarLoan" time="0.002"/>
  <testcase classname="test.day3" name="MobliesignoutCarLoan" time="0.002"/>
  <testcase classname="test.day3" name="WebloginCarLoan" time="0.002"/>
  <testcase classname="test.day3" name="MoblieLoginCarLoan" time="0.0">
    <ignored/>
  </testcase> <!-- MoblieLoginCarLoan -->
</testsuite> <!-- Car Loan -->
