<?xml version="1.0" encoding="UTF-8"?>
<!-- Generated by org.testng.reporters.JUnitXMLReporter -->
<testsuite ignored="2" hostname="DESKTOP-5407FFG" failures="0" tests="5" name="Car Loan" time="0.226" errors="0" timestamp="2025-10-20T19:00:48 IST">
  <testcase classname="TestNGTests.Day3" name="MoblieLogincarLoan" time="0.016"/>
  <testcase classname="TestNGTests.Day3" name="MoblieSignoutcarLoan" time="0.008"/>
  <testcase classname="TestNGTests.Day3" name="MoblieSignoutcarLoan" time="0.004"/>
  <testcase classname="TestNGTests.Day3" name="MoblieSignoutcarLoan" time="0.005"/>
  <testcase classname="TestNGTests.Day3" name="WebloginCarLoan" time="0.004"/>
  <testcase classname="TestNGTests.Day3" name="MoblieSiginincarLoan" time="0.0">
    <ignored/>
  </testcase> <!-- MoblieSiginincarLoan -->
  <testcase classname="TestNGTests.Day3" name="APIcarLoan" time="0.0">
    <ignored/>
  </testcase> <!-- APIcarLoan -->
</testsuite> <!-- Car Loan -->
