<?xml version="1.0" encoding="UTF-8"?>
<!-- Generated by org.testng.reporters.JUnitXMLReporter -->
<testsuite ignored="0" hostname="DESKTOP-5407FFG" failures="0" tests="11" name="Personal Loan" time="0.18" errors="0" timestamp="2025-10-19T15:25:43 IST">
  <testcase classname="test.day1" name="Demo" time="0.014"/>
  <testcase classname="test.day1" name="secondTest" time="0.004"/>
  <testcase classname="test.day2" name="Ploan" time="0.004"/>
  <testcase classname="test.day3" name="APICarLoan" time="0.003"/>
  <testcase classname="test.day3" name="MoblieLoginCarLoan" time="0.003"/>
  <testcase classname="test.day3" name="MobliesigninCarLoan" time="0.004"/>
  <testcase classname="test.day3" name="MobliesignoutCarLoan" time="0.004"/>
  <testcase classname="test.day3" name="WebloginCarLoan" time="0.003"/>
  <testcase classname="test.day4" name="LoginAPIHomeLoan" time="0.003"/>
  <testcase classname="test.day4" name="MoblieLoginHomeLoan" time="0.003"/>
  <testcase classname="test.day4" name="WebloginHomeLoan" time="0.002"/>
</testsuite> <!-- Personal Loan -->
