<?xml version="1.0" encoding="UTF-8"?>
<!-- Generated by org.testng.reporters.JUnitXMLReporter -->
<testsuite ignored="1" hostname="DESKTOP-5407FFG" failures="3" tests="12" name="Personal Loan" time="0.261" errors="0" timestamp="2025-10-31T13:46:22 IST">
  <testcase classname="TestNGTests.Day1" name="Demo" time="0.027">
    <failure type="java.lang.AssertionError" message="expected [true] but found [false]">
      <![CDATA[java.lang.AssertionError: expected [true] but found [false]
at TestNGTests.Day1.Demo(Day1.java:17)
at java.base/java.util.ArrayList.forEach(ArrayList.java:1596)
... Removed 29 stack frames]]>
    </failure>
  </testcase> <!-- Demo -->
  <testcase classname="TestNGTests.Day1" name="SecondTest" time="0.003"/>
  <testcase classname="TestNGTests.Day2" name="Ploan" time="0.003"/>
  <testcase classname="TestNGTests.Day3" name="MoblieSignoutcarLoan" time="0.007"/>
  <testcase classname="TestNGTests.Day3" name="MoblieSignoutcarLoan" time="0.003"/>
  <testcase classname="TestNGTests.Day3" name="MoblieSignoutcarLoan" time="0.002"/>
  <testcase classname="TestNGTests.Day3" name="WebloginCarLoan" time="0.0">
    <failure type="org.testng.TestNGException" message="
Parameter &amp;apos;URL&amp;apos; is required by @Test on method WebloginCarLoan but has not been marked @Optional or defined
in C:\Users\HOME\Desktop\Jayasree_Automation\testng-automation-tests\testng2.xml">
      <![CDATA[org.testng.TestNGException: 
Parameter 'URL' is required by @Test on method WebloginCarLoan but has not been marked @Optional or defined
in C:\Users\HOME\Desktop\Jayasree_Automation\testng-automation-tests\testng2.xml
at java.base/java.util.ArrayList.forEach(ArrayList.java:1596)
... Removed 26 stack frames]]>
    </failure>
  </testcase> <!-- WebloginCarLoan -->
  <testcase classname="TestNGTests.Day3" name="MoblieLogincarLoan" time="0.004"/>
  <testcase classname="TestNGTests.Day3" name="APIcarLoan" time="0.001">
    <skipped/>
  </testcase> <!-- APIcarLoan -->
  <testcase classname="TestNGTests.Day4" name="LoginAPIHomeLoan" time="0.002"/>
  <testcase classname="TestNGTests.Day4" name="MoblieLoginHomeLoan" time="0.002"/>
  <testcase classname="TestNGTests.Day4" name="WebloginHomeLoan" time="0.0">
    <failure type="org.testng.TestNGException" message="
Parameter &amp;apos;URL&amp;apos; is required by @Test on method WebloginHomeLoan but has not been marked @Optional or defined
in C:\Users\HOME\Desktop\Jayasree_Automation\testng-automation-tests\testng2.xml">
      <![CDATA[org.testng.TestNGException: 
Parameter 'URL' is required by @Test on method WebloginHomeLoan but has not been marked @Optional or defined
in C:\Users\HOME\Desktop\Jayasree_Automation\testng-automation-tests\testng2.xml
at java.base/java.util.ArrayList.forEach(ArrayList.java:1596)
... Removed 26 stack frames]]>
    </failure>
  </testcase> <!-- WebloginHomeLoan -->
  <testcase classname="TestNGTests.Day3" name="MoblieSiginincarLoan" time="0.0">
    <ignored/>
  </testcase> <!-- MoblieSiginincarLoan -->
</testsuite> <!-- Personal Loan -->
