<?xml version="1.0" encoding="UTF-8"?>
<!-- Generated by org.testng.reporters.JUnitXMLReporter -->
<testsuite ignored="3" hostname="DESKTOP-5407FFG" failures="0" tests="8" name=" Regression" time="0.172" errors="0" timestamp="2025-10-20T12:47:25 IST">
  <testcase classname="TestNGTests.Day1" name="Demo" time="0.018"/>
  <testcase classname="TestNGTests.Day1" name="SecondTest" time="0.003"/>
  <testcase classname="TestNGTests.Day4" name="LoginAPIHomeLoan" time="0.005"/>
  <testcase classname="TestNGTests.Day4" name="WebloginHomeLoan" time="0.003"/>
  <testcase classname="TestNGTests.Day3" name="APIcarLoan" time="0.002"/>
  <testcase classname="TestNGTests.Day3" name="MoblieSiginincarLoan" time="0.003"/>
  <testcase classname="TestNGTests.Day3" name="MoblieSignoutcarLoan" time="0.002"/>
  <testcase classname="TestNGTests.Day3" name="WebloginCarLoan" time="0.004"/>
  <testcase classname="TestNGTests.Day4" name="MoblieLoginHomeLoan" time="0.0">
    <ignored/>
  </testcase> <!-- MoblieLoginHomeLoan -->
  <testcase classname="TestNGTests.Day3" name="MoblieLogincarLoan" time="0.0">
    <ignored/>
  </testcase> <!-- MoblieLogincarLoan -->
  <testcase classname="TestNGTests.Day2" name="Ploan" time="0.0">
    <ignored/>
  </testcase> <!-- Ploan -->
</testsuite> <!--  Regression -->
