<?xml version="1.0" encoding="UTF-8"?>
<!-- Generated by org.testng.reporters.JUnitXMLReporter -->
<testsuite ignored="11" hostname="DESKTOP-5407FFG" failures="0" tests="0" time="0.022" errors="0" timestamp="2025-10-19T15:32:48 IST">
  <testcase classname="test.day3" name="APICarLoan" time="0.0">
    <ignored/>
  </testcase> <!-- APICarLoan -->
  <testcase classname="test.day1" name="secondTest" time="0.0">
    <ignored/>
  </testcase> <!-- secondTest -->
  <testcase classname="test.day2" name="Ploan" time="0.0">
    <ignored/>
  </testcase> <!-- Ploan -->
  <testcase classname="test.day4" name="LoginAPIHomeLoan" time="0.0">
    <ignored/>
  </testcase> <!-- LoginAPIHomeLoan -->
  <testcase classname="test.day4" name="WebloginHomeLoan" time="0.0">
    <ignored/>
  </testcase> <!-- WebloginHomeLoan -->
  <testcase classname="test.day1" name="Demo" time="0.0">
    <ignored/>
  </testcase> <!-- Demo -->
  <testcase classname="test.day3" name="MoblieLoginCarLoan" time="0.0">
    <ignored/>
  </testcase> <!-- MoblieLoginCarLoan -->
  <testcase classname="test.day3" name="WebloginCarLoan" time="0.0">
    <ignored/>
  </testcase> <!-- WebloginCarLoan -->
  <testcase classname="test.day4" name="MoblieLoginHomeLoan" time="0.0">
    <ignored/>
  </testcase> <!-- MoblieLoginHomeLoan -->
  <testcase classname="test.day3" name="MobliesignoutCarLoan" time="0.0">
    <ignored/>
  </testcase> <!-- MobliesignoutCarLoan -->
  <testcase classname="test.day3" name="MobliesigninCarLoan" time="0.0">
    <ignored/>
  </testcase> <!-- MobliesigninCarLoan -->
</testsuite>
