<?xml version="1.0" encoding="UTF-8"?>
<testsuite xmlns:xsi="http://www.w3.org/2001/XMLSchema-instance" xsi:noNamespaceSchemaLocation="https://maven.apache.org/surefire/maven-surefire-plugin/xsd/surefire-test-report-3.0.xsd" version="3.0" name="TestSuite" time="1.189" tests="9" errors="0" skipped="0" failures="0">
  <properties>
[...]
</properties>
  <testcase name="Demo" classname="test.day1" time="0.003">
    <system-out><![CDATA[I Am Number 1 
I wil execute first
jaya
]]></system-out>
    <system-err><![CDATA[SLF4J(W): No SLF4J providers were found.
SLF4J(W): Defaulting to no-operation (NOP) logger implementation
SLF4J(W): See https://www.slf4j.org/codes.html#noProviders for further details.
]]></system-err>
  </testcase>
  <testcase name="Ploan" classname="test.day2" time="0.01">
    <system-out><![CDATA[good
]]></system-out>
  </testcase>
  <testcase name="LoginAPIHomeLoan" classname="test.day4" time="0.002">
    <system-out><![CDATA[APILoginhome
]]></system-out>
  </testcase>
  <testcase name="MoblieLoginHomeLoan" classname="test.day4" time="0.002">
    <system-out><![CDATA[MoblieLoginhome
]]></system-out>
  </testcase>
  <testcase name="WebloginHomeLoan" classname="test.day4" time="0.001">
    <system-out><![CDATA[Webloginhome
]]></system-out>
  </testcase>
  <testcase name="MoblieLoginCarLoan" classname="test.day3" time="0.0">
    <system-out><![CDATA[I will execute last
before executing any method in the class
I will execute before every test method in this class
MoblieLogincar
]]></system-out>
  </testcase>
  <testcase name="MobliesigninCarLoan" classname="test.day3" time="0.0">
    <system-out><![CDATA[I will execute after every test method in this class
I will execute before every test method in this class
Mobliesigin
]]></system-out>
  </testcase>
  <testcase name="MobliesignoutCarLoan" classname="test.day3" time="0.0">
    <system-out><![CDATA[I will execute after every test method in this class
I will execute before every test method in this class
MoblieSigout
]]></system-out>
  </testcase>
  <testcase name="WebloginCarLoan" classname="test.day3" time="0.002">
    <system-out><![CDATA[I will execute after every test method in this class
I will execute before every test method in this class
Weblogincar
]]></system-out>
  </testcase>
</testsuite>