<?xml version="1.0" encoding="UTF-8"?>
<testng-results ignored="2" total="11" passed="9" failed="0" skipped="0">
  <reporter-output>
  </reporter-output>
  <suite started-at="2025-10-19T10:33:05 IST" name="Loan Department" finished-at="2025-10-19T10:33:05 IST" duration-ms="190">
    <groups>
    </groups>
    <test started-at="2025-10-19T10:33:05 IST" name="Personal Loan" finished-at="2025-10-19T10:33:05 IST" duration-ms="75">
      <class name="test.day4">
        <test-method signature="LoginAPIHomeLoan()[pri:0, instance:test.day4@60dcc9fe]" started-at="2025-10-19T10:33:05 IST" name="LoginAPIHomeLoan" finished-at="2025-10-19T10:33:05 IST" duration-ms="1" status="PASS">
          <reporter-output>
          </reporter-output>
        </test-method> <!-- LoginAPIHomeLoan -->
        <test-method signature="MoblieLoginHomeLoan()[pri:0, instance:test.day4@60dcc9fe]" started-at="2025-10-19T10:33:05 IST" name="MoblieLoginHomeLoan" finished-at="2025-10-19T10:33:05 IST" duration-ms="1" status="PASS">
          <reporter-output>
          </reporter-output>
        </test-method> <!-- MoblieLoginHomeLoan -->
        <test-method signature="WebloginHomeLoan()[pri:0, instance:test.day4@60dcc9fe]" started-at="2025-10-19T10:33:05 IST" name="WebloginHomeLoan" finished-at="2025-10-19T10:33:05 IST" duration-ms="1" status="PASS">
          <reporter-output>
          </reporter-output>
        </test-method> <!-- WebloginHomeLoan -->
      </class> <!-- test.day4 -->
      <class name="test.day2">
        <test-method is-config="true" signature="prerequiste()[pri:0, instance:test.day2@3c72f59f]" started-at="2025-10-19T10:33:05 IST" name="prerequiste" finished-at="2025-10-19T10:33:05 IST" duration-ms="1" status="PASS">
          <reporter-output>
          </reporter-output>
        </test-method> <!-- prerequiste -->
        <test-method signature="Ploan()[pri:0, instance:test.day2@3c72f59f]" started-at="2025-10-19T10:33:05 IST" name="Ploan" finished-at="2025-10-19T10:33:05 IST" duration-ms="1" status="PASS">
          <reporter-output>
          </reporter-output>
        </test-method> <!-- Ploan -->
      </class> <!-- test.day2 -->
      <class name="test.day1">
        <test-method signature="Demo()[pri:0, instance:test.day1@37918c79]" started-at="2025-10-19T10:33:05 IST" name="Demo" finished-at="2025-10-19T10:33:05 IST" duration-ms="5" status="PASS">
          <reporter-output>
          </reporter-output>
        </test-method> <!-- Demo -->
        <test-method is-config="true" signature="lastexecution()[pri:0, instance:test.day1@37918c79]" started-at="2025-10-19T10:33:05 IST" name="lastexecution" finished-at="2025-10-19T10:33:05 IST" duration-ms="2" status="PASS">
          <reporter-output>
          </reporter-output>
        </test-method> <!-- lastexecution -->
      </class> <!-- test.day1 -->
    </test> <!-- Personal Loan -->
    <test started-at="2025-10-19T10:33:05 IST" name="Car Loan" finished-at="2025-10-19T10:33:05 IST" duration-ms="32">
      <class name="test.day3">
        <test-method is-config="true" signature="BeforeSuite()[pri:0, instance:test.day3@4b5a5ed1]" started-at="2025-10-19T10:33:05 IST" name="BeforeSuite" finished-at="2025-10-19T10:33:05 IST" duration-ms="21" status="PASS">
          <reporter-output>
          </reporter-output>
        </test-method> <!-- BeforeSuite -->
        <test-method is-config="true" signature="BeforeClass()[pri:0, instance:test.day3@4b5a5ed1]" started-at="2025-10-19T10:33:05 IST" name="BeforeClass" finished-at="2025-10-19T10:33:05 IST" duration-ms="1" status="PASS">
          <reporter-output>
          </reporter-output>
        </test-method> <!-- BeforeClass -->
        <test-method is-config="true" signature="beforeevery()[pri:0, instance:test.day3@4b5a5ed1]" started-at="2025-10-19T10:33:05 IST" name="beforeevery" finished-at="2025-10-19T10:33:05 IST" duration-ms="1" status="PASS">
          <reporter-output>
          </reporter-output>
        </test-method> <!-- beforeevery -->
        <test-method signature="MoblieLoginCarLoan()[pri:0, instance:test.day3@4b5a5ed1]" started-at="2025-10-19T10:33:05 IST" name="MoblieLoginCarLoan" finished-at="2025-10-19T10:33:05 IST" duration-ms="1" status="PASS">
          <reporter-output>
          </reporter-output>
        </test-method> <!-- MoblieLoginCarLoan -->
        <test-method is-config="true" signature="Afterevery()[pri:0, instance:test.day3@4b5a5ed1]" started-at="2025-10-19T10:33:05 IST" name="Afterevery" finished-at="2025-10-19T10:33:05 IST" duration-ms="1" status="PASS">
          <reporter-output>
          </reporter-output>
        </test-method> <!-- Afterevery -->
        <test-method is-config="true" signature="beforeevery()[pri:0, instance:test.day3@4b5a5ed1]" started-at="2025-10-19T10:33:05 IST" name="beforeevery" finished-at="2025-10-19T10:33:05 IST" duration-ms="2" status="PASS">
          <reporter-output>
          </reporter-output>
        </test-method> <!-- beforeevery -->
        <test-method signature="MobliesigninCarLoan()[pri:0, instance:test.day3@4b5a5ed1]" started-at="2025-10-19T10:33:05 IST" name="MobliesigninCarLoan" finished-at="2025-10-19T10:33:05 IST" duration-ms="1" status="PASS">
          <reporter-output>
          </reporter-output>
        </test-method> <!-- MobliesigninCarLoan -->
        <test-method is-config="true" signature="Afterevery()[pri:0, instance:test.day3@4b5a5ed1]" started-at="2025-10-19T10:33:05 IST" name="Afterevery" finished-at="2025-10-19T10:33:05 IST" duration-ms="0" status="PASS">
          <reporter-output>
          </reporter-output>
        </test-method> <!-- Afterevery -->
        <test-method is-config="true" signature="beforeevery()[pri:0, instance:test.day3@4b5a5ed1]" started-at="2025-10-19T10:33:05 IST" name="beforeevery" finished-at="2025-10-19T10:33:05 IST" duration-ms="1" status="PASS">
          <reporter-output>
          </reporter-output>
        </test-method> <!-- beforeevery -->
        <test-method signature="MobliesignoutCarLoan()[pri:0, instance:test.day3@4b5a5ed1]" started-at="2025-10-19T10:33:05 IST" name="MobliesignoutCarLoan" finished-at="2025-10-19T10:33:05 IST" duration-ms="1" status="PASS">
          <reporter-output>
          </reporter-output>
        </test-method> <!-- MobliesignoutCarLoan -->
        <test-method is-config="true" signature="Afterevery()[pri:0, instance:test.day3@4b5a5ed1]" started-at="2025-10-19T10:33:05 IST" name="Afterevery" finished-at="2025-10-19T10:33:05 IST" duration-ms="1" status="PASS">
          <reporter-output>
          </reporter-output>
        </test-method> <!-- Afterevery -->
        <test-method is-config="true" signature="beforeevery()[pri:0, instance:test.day3@4b5a5ed1]" started-at="2025-10-19T10:33:05 IST" name="beforeevery" finished-at="2025-10-19T10:33:05 IST" duration-ms="1" status="PASS">
          <reporter-output>
          </reporter-output>
        </test-method> <!-- beforeevery -->
        <test-method signature="WebloginCarLoan()[pri:0, instance:test.day3@4b5a5ed1]" started-at="2025-10-19T10:33:05 IST" name="WebloginCarLoan" finished-at="2025-10-19T10:33:05 IST" duration-ms="2" status="PASS">
          <reporter-output>
          </reporter-output>
        </test-method> <!-- WebloginCarLoan -->
        <test-method is-config="true" signature="Afterevery()[pri:0, instance:test.day3@4b5a5ed1]" started-at="2025-10-19T10:33:05 IST" name="Afterevery" finished-at="2025-10-19T10:33:05 IST" duration-ms="0" status="PASS">
          <reporter-output>
          </reporter-output>
        </test-method> <!-- Afterevery -->
        <test-method is-config="true" signature="AfterClass()[pri:0, instance:test.day3@4b5a5ed1]" started-at="2025-10-19T10:33:05 IST" name="AfterClass" finished-at="2025-10-19T10:33:05 IST" duration-ms="1" status="PASS">
          <reporter-output>
          </reporter-output>
        </test-method> <!-- AfterClass -->
      </class> <!-- test.day3 -->
      <class name="test.day1">
        <test-method is-config="true" signature="AfterSuite()[pri:0, instance:test.day1@37918c79]" started-at="2025-10-19T10:33:05 IST" name="AfterSuite" finished-at="2025-10-19T10:33:05 IST" duration-ms="1" status="PASS">
          <reporter-output>
          </reporter-output>
        </test-method> <!-- AfterSuite -->
      </class> <!-- test.day1 -->
    </test> <!-- Car Loan -->
  </suite> <!-- Loan Department -->
</testng-results>
