<?xml version="1.0" encoding="UTF-8"?>
<!-- Generated by org.testng.reporters.JUnitXMLReporter -->
<testsuite ignored="1" hostname="DESKTOP-5407FFG" failures="0" tests="5" name="Personal Loan" time="0.075" errors="0" timestamp="2025-10-19T10:33:05 IST">
  <testcase classname="test.day1" name="Demo" time="0.005"/>
  <testcase classname="test.day2" name="Ploan" time="0.001"/>
  <testcase classname="test.day4" name="LoginAPIHomeLoan" time="0.001"/>
  <testcase classname="test.day4" name="MoblieLoginHomeLoan" time="0.001"/>
  <testcase classname="test.day4" name="WebloginHomeLoan" time="0.001"/>
  <testcase classname="test.day1" name="secondTest" time="0.0">
    <ignored/>
  </testcase> <!-- secondTest -->
</testsuite> <!-- Personal Loan -->
