<?xml version="1.0" encoding="UTF-8"?>
<testng-results ignored="0" total="1" passed="1" failed="0" skipped="0">
  <reporter-output>
  </reporter-output>
  <suite started-at="2025-11-01T09:24:17 IST" name="Default suite" finished-at="2025-11-01T09:24:17 IST" duration-ms="145">
    <groups>
      <group name="Smoke">
        <method signature="Day2.Ploan()[pri:0, instance:TestNGTests.Day2@185a6e9]" name="Ploan" class="TestNGTests.Day2"/>
      </group> <!-- Smoke -->
    </groups>
    <test started-at="2025-11-01T09:24:17 IST" name="Default test" finished-at="2025-11-01T09:24:17 IST" duration-ms="145">
      <class name="TestNGTests.Day2">
        <test-method is-config="true" signature="Prerequiste()[pri:0, instance:TestNGTests.Day2@185a6e9]" started-at="2025-11-01T09:24:17 IST" name="Prerequiste" finished-at="2025-11-01T09:24:17 IST" duration-ms="38" status="PASS">
          <reporter-output>
          </reporter-output>
        </test-method> <!-- Prerequiste -->
        <test-method signature="Ploan()[pri:0, instance:TestNGTests.Day2@185a6e9]" started-at="2025-11-01T09:24:17 IST" name="Ploan" finished-at="2025-11-01T09:24:17 IST" duration-ms="15" status="PASS">
          <reporter-output>
          </reporter-output>
        </test-method> <!-- Ploan -->
      </class> <!-- TestNGTests.Day2 -->
    </test> <!-- Default test -->
  </suite> <!-- Default suite -->
</testng-results>
