<?xml version="1.0" encoding="UTF-8"?>
<testng-results ignored="11" total="11" passed="0" failed="0" skipped="0">
  <reporter-output>
  </reporter-output>
  <suite started-at="2025-10-19T15:32:48 IST" name="Loan Department" finished-at="2025-10-19T15:32:48 IST" duration-ms="22">
    <groups>
    </groups>
    <test started-at="2025-10-19T15:32:48 IST" name="Smoke Test Suite" finished-at="2025-10-19T15:32:48 IST" duration-ms="22">
    </test> <!-- Smoke Test Suite -->
  </suite> <!-- Loan Department -->
</testng-results>
