<?xml version="1.0" encoding="UTF-8"?>
<!-- Generated by org.testng.reporters.JUnitReportReporter -->
<testsuite hostname="DESKTOP-5407FFG" failures="0" tests="5" name="test.day3" time="0.026" errors="0" timestamp="2025-10-19T15:25:43 IST" skipped="0">
  <testcase classname="test.day3" name="MoblieLoginCarLoan" time="0.006"/>
  <testcase classname="test.day3" name="WebloginCarLoan" time="0.005"/>
  <testcase classname="test.day3" name="MobliesignoutCarLoan" time="0.006"/>
  <testcase classname="test.day3" name="APICarLoan" time="0.004"/>
  <testcase classname="test.day3" name="MobliesigninCarLoan" time="0.005"/>
</testsuite> <!-- test.day3 -->
