<?xml version="1.0" encoding="UTF-8"?>
<!-- Generated by org.testng.reporters.JUnitReportReporter -->
<testsuite hostname="DESKTOP-5407FFG" failures="0" tests="4" name="test.day3" time="0.012" errors="0" timestamp="2025-10-19T10:33:05 IST" skipped="0">
  <testcase classname="test.day3" name="MobliesignoutCarLoan" time="0.003"/>
  <testcase classname="test.day3" name="MoblieLoginCarLoan" time="0.003"/>
  <testcase classname="test.day3" name="MobliesigninCarLoan" time="0.003"/>
  <testcase classname="test.day3" name="WebloginCarLoan" time="0.003"/>
</testsuite> <!-- test.day3 -->
