<?xml version="1.0" encoding="UTF-8"?>
<!-- Generated by org.testng.reporters.JUnitReportReporter -->
<testsuite hostname="DESKTOP-5407FFG" failures="0" tests="3" name="test.day4" time="0.003" errors="0" timestamp="2025-10-19T10:33:05 IST" skipped="0">
  <testcase classname="test.day4" name="WebloginHomeLoan" time="0.001"/>
  <testcase classname="test.day4" name="LoginAPIHomeLoan" time="0.001"/>
  <testcase classname="test.day4" name="MoblieLoginHomeLoan" time="0.001"/>
</testsuite> <!-- test.day4 -->
